Grid(src): /global/cfs/cdirs/e3sm/inputdata/ocn/mpas-o/RRSwISC6to18E3r5/ocean.RRSwISC6to18E3r5.nomask.scrip.20240327.nc
Grid(dst): /global/cfs/cdirs/e3sm/whannah/files_grid/2025-scream-conus-1024x2-pg2_scrip.nc
ncremap: ERROR Failed to generate map-file. Debug this:
GenerateOfflineMap --in_mesh "/global/cfs/cdirs/e3sm/inputdata/ocn/mpas-o/RRSwISC6to18E3r5/ocean.RRSwISC6to18E3r5.nomask.scrip.20240327.nc" --out_mesh "/global/cfs/cdirs/e3sm/whannah/files_grid/2025-scream-conus-1024x2-pg2_scrip.nc" --ov_mesh "/tmp/ncremap_tmp_msh_ovr_tempest.g.pid1096241" --out_map "/map_RRSwISC6to18E3r5_to_2025-scream-conus-1024x2-pg2_traave.20251121.nc" --in_type fv --in_np 1 --out_type fv --out_np 1 --out_format Netcdf4 > /dev/null
Grid(src): /global/cfs/cdirs/e3sm/inputdata/ocn/mpas-o/RRSwISC6to18E3r5/ocean.RRSwISC6to18E3r5.nomask.scrip.20240327.nc
Grid(dst): /global/cfs/cdirs/e3sm/whannah/files_grid/2025-scream-conus-1024x2-pg2_scrip.nc
ncremap: ERROR Failed to generate map-file. Debug this:
GenerateOfflineMap --in_mesh "/global/cfs/cdirs/e3sm/inputdata/ocn/mpas-o/RRSwISC6to18E3r5/ocean.RRSwISC6to18E3r5.nomask.scrip.20240327.nc" --out_mesh "/global/cfs/cdirs/e3sm/whannah/files_grid/2025-scream-conus-1024x2-pg2_scrip.nc" --ov_mesh "/tmp/ncremap_tmp_msh_ovr_tempest.g.pid1143915" --out_map "/map_RRSwISC6to18E3r5_to_2025-scream-conus-1024x2-pg2_trbilin.20251121.nc" --in_type fv --out_type fv --method bilin --out_format Netcdf4 > /dev/null
Grid(src): /global/cfs/cdirs/e3sm/inputdata/ocn/mpas-o/RRSwISC6to18E3r5/ocean.RRSwISC6to18E3r5.nomask.scrip.20240327.nc
Grid(dst): /global/cfs/cdirs/e3sm/whannah/files_grid/2025-scream-conus-1024x2-pg2_scrip.nc
ncremap: ERROR Failed to generate map-file. Debug this:
GenerateOfflineMap --in_mesh "/global/cfs/cdirs/e3sm/inputdata/ocn/mpas-o/RRSwISC6to18E3r5/ocean.RRSwISC6to18E3r5.nomask.scrip.20240327.nc" --out_mesh "/global/cfs/cdirs/e3sm/whannah/files_grid/2025-scream-conus-1024x2-pg2_scrip.nc" --ov_mesh "/tmp/ncremap_tmp_msh_ovr_tempest.g.pid1193677" --out_map "/map_RRSwISC6to18E3r5_to_2025-scream-conus-1024x2-pg2_trfv2.20251121.nc" --in_type fv --in_np 2 --out_type fv --out_np 1 --method normalize --out_format Netcdf4 > /dev/null
Grid(src): /global/cfs/cdirs/e3sm/inputdata/ocn/mpas-o/RRSwISC6to18E3r5/ocean.RRSwISC6to18E3r5.nomask.scrip.20240327.nc
Grid(dst): /global/cfs/cdirs/e3sm/whannah/files_grid/2025-scream-conus-1024x2-pg2_scrip.nc
ncremap: ERROR Failed to generate map-file. Debug this:
GenerateOfflineMap --in_mesh "/global/cfs/cdirs/e3sm/inputdata/ocn/mpas-o/RRSwISC6to18E3r5/ocean.RRSwISC6to18E3r5.nomask.scrip.20240327.nc" --out_mesh "/global/cfs/cdirs/e3sm/whannah/files_grid/2025-scream-conus-1024x2-pg2_scrip.nc" --ov_mesh "/tmp/ncremap_tmp_msh_ovr_tempest.g.pid1250924" --out_map "/map_RRSwISC6to18E3r5_to_2025-scream-conus-1024x2-pg2_trintbilin.20251121.nc" --in_type fv --out_type fv --method intbilin --out_format Netcdf4 > /dev/null
Grid(src): /global/cfs/cdirs/e3sm/whannah/files_grid/2025-scream-conus-1024x2-pg2_scrip.nc
Grid(dst): /global/cfs/cdirs/e3sm/inputdata/ocn/mpas-o/RRSwISC6to18E3r5/ocean.RRSwISC6to18E3r5.nomask.scrip.20240327.nc
ncremap: ERROR Failed to generate map-file. Debug this:
GenerateOfflineMap --in_mesh "/global/cfs/cdirs/e3sm/whannah/files_grid/2025-scream-conus-1024x2-pg2_scrip.nc" --out_mesh "/global/cfs/cdirs/e3sm/inputdata/ocn/mpas-o/RRSwISC6to18E3r5/ocean.RRSwISC6to18E3r5.nomask.scrip.20240327.nc" --ov_mesh "/tmp/ncremap_tmp_msh_ovr_tempest.g.pid1315739" --out_map "/map_2025-scream-conus-1024x2-pg2_to_RRSwISC6to18E3r5_traave.20251121.nc" --in_type fv --in_np 1 --out_type fv --out_np 1 --out_format Netcdf4 > /dev/null
Grid(src): /global/cfs/cdirs/e3sm/whannah/files_grid/2025-scream-conus-1024x2-pg2_scrip.nc
Grid(dst): /global/cfs/cdirs/e3sm/inputdata/ocn/mpas-o/RRSwISC6to18E3r5/ocean.RRSwISC6to18E3r5.nomask.scrip.20240327.nc
ncremap: ERROR Failed to generate map-file. Debug this:
GenerateOfflineMap --in_mesh "/global/cfs/cdirs/e3sm/whannah/files_grid/2025-scream-conus-1024x2-pg2_scrip.nc" --out_mesh "/global/cfs/cdirs/e3sm/inputdata/ocn/mpas-o/RRSwISC6to18E3r5/ocean.RRSwISC6to18E3r5.nomask.scrip.20240327.nc" --ov_mesh "/tmp/ncremap_tmp_msh_ovr_tempest.g.pid1364926" --out_map "/map_2025-scream-conus-1024x2-pg2_to_RRSwISC6to18E3r5_trbilin.20251121.nc" --in_type fv --out_type fv --method bilin --out_format Netcdf4 > /dev/null
Grid(src): /global/cfs/cdirs/e3sm/whannah/files_grid/2025-scream-conus-1024x2-pg2_scrip.nc
Grid(dst): /global/cfs/cdirs/e3sm/inputdata/ocn/mpas-o/RRSwISC6to18E3r5/ocean.RRSwISC6to18E3r5.nomask.scrip.20240327.nc
ncremap: ERROR Failed to generate map-file. Debug this:
GenerateOfflineMap --in_mesh "/global/cfs/cdirs/e3sm/whannah/files_grid/2025-scream-conus-1024x2-pg2_scrip.nc" --out_mesh "/global/cfs/cdirs/e3sm/inputdata/ocn/mpas-o/RRSwISC6to18E3r5/ocean.RRSwISC6to18E3r5.nomask.scrip.20240327.nc" --ov_mesh "/tmp/ncremap_tmp_msh_ovr_tempest.g.pid1415071" --out_map "/map_2025-scream-conus-1024x2-pg2_to_RRSwISC6to18E3r5_trfv2.20251121.nc" --in_type fv --in_np 2 --out_type fv --out_np 1 --method normalize --out_format Netcdf4 > /dev/null
Grid(src): /global/cfs/cdirs/e3sm/whannah/files_grid/2025-scream-conus-1024x2-pg2_scrip.nc
Grid(dst): /global/cfs/cdirs/e3sm/inputdata/ocn/mpas-o/RRSwISC6to18E3r5/ocean.RRSwISC6to18E3r5.nomask.scrip.20240327.nc
ncremap: ERROR Failed to generate map-file. Debug this:
GenerateOfflineMap --in_mesh "/global/cfs/cdirs/e3sm/whannah/files_grid/2025-scream-conus-1024x2-pg2_scrip.nc" --out_mesh "/global/cfs/cdirs/e3sm/inputdata/ocn/mpas-o/RRSwISC6to18E3r5/ocean.RRSwISC6to18E3r5.nomask.scrip.20240327.nc" --ov_mesh "/tmp/ncremap_tmp_msh_ovr_tempest.g.pid1474278" --out_map "/map_2025-scream-conus-1024x2-pg2_to_RRSwISC6to18E3r5_trintbilin.20251121.nc" --in_type fv --out_type fv --method intbilin --out_format Netcdf4 > /dev/null
Job completed successfully.
